This file contains any messages produced by compilers while
running configure, to aid debugging if configure makes a mistake.

It was created by Dualarms configure 0.1, which was
generated by GNU Autoconf 2.71.  Invocation command line was

  $ ./configure

## --------- ##
## Platform. ##
## --------- ##

hostname = RichtechRoley
uname -m = x86_64
uname -r = 5.14.15-arch1-1
uname -s = Linux
uname -v = #1 SMP PREEMPT Wed, 27 Oct 2021 23:38:14 +0000

/usr/bin/uname -p = unknown
/bin/uname -X     = unknown

/bin/arch              = unknown
/usr/bin/arch -k       = unknown
/usr/convex/getsysinfo = unknown
/usr/bin/hostinfo      = unknown
/bin/machine           = unknown
/usr/bin/oslevel       = unknown
/bin/universe          = unknown

PATH: /tools/
PATH: /platform-tools/
PATH: /bin/
PATH: /usr/local/sbin/
PATH: /usr/local/bin/
PATH: /usr/bin/
PATH: /usr/lib/jvm/default/bin/
PATH: /usr/bin/site_perl/
PATH: /usr/bin/vendor_perl/
PATH: /usr/bin/core_perl/
PATH: /home/roley/.local/bin/cron/
PATH: /home/roley/.local/bin/statusbar/
PATH: /home/roley/.local/bin/
PATH: /tools/
PATH: /platform-tools/
PATH: /home/roley/.fzf/bin/
PATH: /usr/lib/jvm/default/bin/
PATH: /tools/
PATH: /platform-tools/


## ----------- ##
## Core tests. ##
## ----------- ##

configure:2415: looking for aux files: ar-lib compile missing install-sh
configure:2428:  trying ./
configure:2457:   ./ar-lib found
configure:2457:   ./compile found
configure:2457:   ./missing found
configure:2439:   ./install-sh found
configure:2590: checking for a BSD-compatible install
configure:2663: result: /bin/install -c
configure:2674: checking whether build environment is sane
configure:2729: result: yes
configure:2888: checking for a race-free mkdir -p
configure:2932: result: /bin/mkdir -p
configure:2939: checking for gawk
configure:2960: found /bin/gawk
configure:2971: result: gawk
configure:2982: checking whether make sets $(MAKE)
configure:3005: result: yes
configure:3035: checking whether make supports nested variables
configure:3053: result: yes
configure:3205: checking whether make supports the include directive
configure:3220: make -f confmf.GNU && cat confinc.out
this is the am__doit target
configure:3223: $? = 0
configure:3242: result: yes (GNU style)
configure:3318: checking for gcc
configure:3339: found /bin/gcc
configure:3350: result: gcc
configure:3703: checking for C compiler version
configure:3712: gcc --version >&5
gcc (GCC) 11.1.0
Copyright (C) 2021 Free Software Foundation, Inc.
This is free software; see the source for copying conditions.  There is NO
warranty; not even for MERCHANTABILITY or FITNESS FOR A PARTICULAR PURPOSE.

configure:3723: $? = 0
configure:3712: gcc -v >&5
Using built-in specs.
COLLECT_GCC=gcc
COLLECT_LTO_WRAPPER=/usr/lib/gcc/x86_64-pc-linux-gnu/11.1.0/lto-wrapper
Target: x86_64-pc-linux-gnu
Configured with: /build/gcc/src/gcc/configure --prefix=/usr --libdir=/usr/lib --libexecdir=/usr/lib --mandir=/usr/share/man --infodir=/usr/share/info --with-bugurl=https://bugs.archlinux.org/ --enable-languages=c,c++,ada,fortran,go,lto,objc,obj-c++,d --with-isl --with-linker-hash-style=gnu --with-system-zlib --enable-__cxa_atexit --enable-cet=auto --enable-checking=release --enable-clocale=gnu --enable-default-pie --enable-default-ssp --enable-gnu-indirect-function --enable-gnu-unique-object --enable-install-libiberty --enable-linker-build-id --enable-lto --enable-multilib --enable-plugin --enable-shared --enable-threads=posix --disable-libssp --disable-libstdcxx-pch --disable-libunwind-exceptions --disable-werror gdc_include_dir=/usr/include/dlang/gdc
Thread model: posix
Supported LTO compression algorithms: zlib zstd
gcc version 11.1.0 (GCC) 
configure:3723: $? = 0
configure:3712: gcc -V >&5
gcc: error: unrecognized command-line option '-V'
gcc: fatal error: no input files
compilation terminated.
configure:3723: $? = 1
configure:3712: gcc -qversion >&5
gcc: error: unrecognized command-line option '-qversion'; did you mean '--version'?
gcc: fatal error: no input files
compilation terminated.
configure:3723: $? = 1
configure:3712: gcc -version >&5
gcc: error: unrecognized command-line option '-version'
gcc: fatal error: no input files
compilation terminated.
configure:3723: $? = 1
configure:3743: checking whether the C compiler works
configure:3765: gcc    conftest.c  >&5
configure:3769: $? = 0
configure:3819: result: yes
configure:3822: checking for C compiler default output file name
configure:3824: result: a.out
configure:3830: checking for suffix of executables
configure:3837: gcc -o conftest    conftest.c  >&5
configure:3841: $? = 0
configure:3864: result: 
configure:3886: checking whether we are cross compiling
configure:3894: gcc -o conftest    conftest.c  >&5
configure:3898: $? = 0
configure:3905: ./conftest
configure:3909: $? = 0
configure:3924: result: no
configure:3929: checking for suffix of object files
configure:3952: gcc -c   conftest.c >&5
configure:3956: $? = 0
configure:3978: result: o
configure:3982: checking whether the compiler supports GNU C
configure:4002: gcc -c   conftest.c >&5
configure:4002: $? = 0
configure:4012: result: yes
configure:4023: checking whether gcc accepts -g
configure:4044: gcc -c -g  conftest.c >&5
configure:4044: $? = 0
configure:4088: result: yes
configure:4108: checking for gcc option to enable C11 features
configure:4123: gcc  -c -g -O2  conftest.c >&5
configure:4123: $? = 0
configure:4141: result: none needed
configure:4257: checking whether gcc understands -c and -o together
configure:4280: gcc -c conftest.c -o conftest2.o
configure:4283: $? = 0
configure:4280: gcc -c conftest.c -o conftest2.o
configure:4283: $? = 0
configure:4295: result: yes
configure:4314: checking dependency style of gcc
configure:4426: result: gcc3
configure:4442: checking for -lsdplog in -lspdlog
configure:4465: gcc -o conftest -g -O2   conftest.c -lspdlog   >&5
conftest.c:15:6: error: expected identifier or '(' before '-' token
   15 | char -lsdplog ();
      |      ^
conftest.c: In function 'main':
conftest.c:19:9: warning: implicit declaration of function 'lsdplog' [-Wimplicit-function-declaration]
   19 | return -lsdplog ();
      |         ^~~~~~~
configure:4465: $? = 1
configure: failed program was:
| /* confdefs.h */
| #define PACKAGE_NAME "Dualarms"
| #define PACKAGE_TARNAME "dualarms"
| #define PACKAGE_VERSION "0.1"
| #define PACKAGE_STRING "Dualarms 0.1"
| #define PACKAGE_BUGREPORT "roley.z@richtechsystem.com"
| #define PACKAGE_URL ""
| #define PACKAGE "dualarms"
| #define VERSION "0.1"
| /* end confdefs.h.  */
| 
| /* Override any GCC internal prototype to avoid an error.
|    Use char because int might match the return type of a GCC
|    builtin and then its argument prototype would still apply.  */
| char -lsdplog ();
| int
| main (void)
| {
| return -lsdplog ();
|   ;
|   return 0;
| }
configure:4475: result: no
configure:4555: checking for g++
configure:4576: found /bin/g++
configure:4587: result: g++
configure:4614: checking for C++ compiler version
configure:4623: g++ --version >&5
g++ (GCC) 11.1.0
Copyright (C) 2021 Free Software Foundation, Inc.
This is free software; see the source for copying conditions.  There is NO
warranty; not even for MERCHANTABILITY or FITNESS FOR A PARTICULAR PURPOSE.

configure:4634: $? = 0
configure:4623: g++ -v >&5
Using built-in specs.
COLLECT_GCC=g++
COLLECT_LTO_WRAPPER=/usr/lib/gcc/x86_64-pc-linux-gnu/11.1.0/lto-wrapper
Target: x86_64-pc-linux-gnu
Configured with: /build/gcc/src/gcc/configure --prefix=/usr --libdir=/usr/lib --libexecdir=/usr/lib --mandir=/usr/share/man --infodir=/usr/share/info --with-bugurl=https://bugs.archlinux.org/ --enable-languages=c,c++,ada,fortran,go,lto,objc,obj-c++,d --with-isl --with-linker-hash-style=gnu --with-system-zlib --enable-__cxa_atexit --enable-cet=auto --enable-checking=release --enable-clocale=gnu --enable-default-pie --enable-default-ssp --enable-gnu-indirect-function --enable-gnu-unique-object --enable-install-libiberty --enable-linker-build-id --enable-lto --enable-multilib --enable-plugin --enable-shared --enable-threads=posix --disable-libssp --disable-libstdcxx-pch --disable-libunwind-exceptions --disable-werror gdc_include_dir=/usr/include/dlang/gdc
Thread model: posix
Supported LTO compression algorithms: zlib zstd
gcc version 11.1.0 (GCC) 
configure:4634: $? = 0
configure:4623: g++ -V >&5
g++: error: unrecognized command-line option '-V'
g++: fatal error: no input files
compilation terminated.
configure:4634: $? = 1
configure:4623: g++ -qversion >&5
g++: error: unrecognized command-line option '-qversion'; did you mean '--version'?
g++: fatal error: no input files
compilation terminated.
configure:4634: $? = 1
configure:4638: checking whether the compiler supports GNU C++
configure:4658: g++ -c   conftest.cpp >&5
configure:4658: $? = 0
configure:4668: result: yes
configure:4679: checking whether g++ accepts -g
configure:4700: g++ -c -g  conftest.cpp >&5
configure:4700: $? = 0
configure:4744: result: yes
configure:4764: checking for g++ option to enable C++11 features
configure:4779: g++  -c -g -O2  conftest.cpp >&5
conftest.cpp: In function 'int main(int, char**)':
conftest.cpp:177:25: warning: empty parentheses were disambiguated as a function declaration [-Wvexing-parse]
  177 |   cxx11test::delegate d2();
      |                         ^~
conftest.cpp:177:25: note: remove parentheses to default-initialize a variable
  177 |   cxx11test::delegate d2();
      |                         ^~
      |                         --
conftest.cpp:177:25: note: or replace parentheses with braces to value-initialize a variable
configure:4779: $? = 0
configure:4797: result: none needed
configure:4863: checking dependency style of g++
configure:4975: result: gcc3
configure:5043: checking for gcc
configure:5075: result: gcc
configure:5428: checking for C compiler version
configure:5437: gcc --version >&5
gcc (GCC) 11.1.0
Copyright (C) 2021 Free Software Foundation, Inc.
This is free software; see the source for copying conditions.  There is NO
warranty; not even for MERCHANTABILITY or FITNESS FOR A PARTICULAR PURPOSE.

configure:5448: $? = 0
configure:5437: gcc -v >&5
Using built-in specs.
COLLECT_GCC=gcc
COLLECT_LTO_WRAPPER=/usr/lib/gcc/x86_64-pc-linux-gnu/11.1.0/lto-wrapper
Target: x86_64-pc-linux-gnu
Configured with: /build/gcc/src/gcc/configure --prefix=/usr --libdir=/usr/lib --libexecdir=/usr/lib --mandir=/usr/share/man --infodir=/usr/share/info --with-bugurl=https://bugs.archlinux.org/ --enable-languages=c,c++,ada,fortran,go,lto,objc,obj-c++,d --with-isl --with-linker-hash-style=gnu --with-system-zlib --enable-__cxa_atexit --enable-cet=auto --enable-checking=release --enable-clocale=gnu --enable-default-pie --enable-default-ssp --enable-gnu-indirect-function --enable-gnu-unique-object --enable-install-libiberty --enable-linker-build-id --enable-lto --enable-multilib --enable-plugin --enable-shared --enable-threads=posix --disable-libssp --disable-libstdcxx-pch --disable-libunwind-exceptions --disable-werror gdc_include_dir=/usr/include/dlang/gdc
Thread model: posix
Supported LTO compression algorithms: zlib zstd
gcc version 11.1.0 (GCC) 
configure:5448: $? = 0
configure:5437: gcc -V >&5
gcc: error: unrecognized command-line option '-V'
gcc: fatal error: no input files
compilation terminated.
configure:5448: $? = 1
configure:5437: gcc -qversion >&5
gcc: error: unrecognized command-line option '-qversion'; did you mean '--version'?
gcc: fatal error: no input files
compilation terminated.
configure:5448: $? = 1
configure:5437: gcc -version >&5
gcc: error: unrecognized command-line option '-version'
gcc: fatal error: no input files
compilation terminated.
configure:5448: $? = 1
configure:5452: checking whether the compiler supports GNU C
configure:5482: result: yes
configure:5493: checking whether gcc accepts -g
configure:5558: result: yes
configure:5578: checking for gcc option to enable C11 features
configure:5611: result: none needed
configure:5727: checking whether gcc understands -c and -o together
configure:5765: result: yes
configure:5784: checking dependency style of gcc
configure:5896: result: gcc3
configure:5959: checking for ranlib
configure:5980: found /bin/ranlib
configure:5991: result: ranlib
configure:6068: checking for ar
configure:6089: found /bin/ar
configure:6100: result: ar
configure:6126: checking the archiver (ar) interface
configure:6143: gcc -c -g -O2  conftest.c >&5
configure:6143: $? = 0
configure:6146: ar cru libconftest.a conftest.o >&5
ar: `u' modifier ignored since `D' is the default (see `U')
configure:6149: $? = 0
configure:6177: result: ar
configure:6373: checking that generated files are newer than configure
configure:6379: result: done
configure:6410: creating ./config.status

## ---------------------- ##
## Running config.status. ##
## ---------------------- ##

This file was extended by Dualarms config.status 0.1, which was
generated by GNU Autoconf 2.71.  Invocation command line was

  CONFIG_FILES    = 
  CONFIG_HEADERS  = 
  CONFIG_LINKS    = 
  CONFIG_COMMANDS = 
  $ ./config.status 

on RichtechRoley

config.status:781: creating Makefile
config.status:781: creating src/Makefile
config.status:781: creating lib/Makefile
config.status:781: creating test/Makefile
config.status:953: executing depfiles commands
config.status:1030: cd src       && sed -e '/# am--include-marker/d' Makefile         | make -f - am--depfiles
make: Nothing to be done for 'am--depfiles'.
config.status:1035: $? = 0
config.status:1030: cd lib       && sed -e '/# am--include-marker/d' Makefile         | make -f - am--depfiles
make: Nothing to be done for 'am--depfiles'.
config.status:1035: $? = 0
config.status:1030: cd test       && sed -e '/# am--include-marker/d' Makefile         | make -f - am--depfiles
config.status:1035: $? = 0

## ---------------- ##
## Cache variables. ##
## ---------------- ##

ac_cv_c_compiler_gnu=yes
ac_cv_cxx_compiler_gnu=yes
ac_cv_env_CCC_set=
ac_cv_env_CCC_value=
ac_cv_env_CC_set=
ac_cv_env_CC_value=
ac_cv_env_CFLAGS_set=
ac_cv_env_CFLAGS_value=
ac_cv_env_CPPFLAGS_set=
ac_cv_env_CPPFLAGS_value=
ac_cv_env_CXXFLAGS_set=
ac_cv_env_CXXFLAGS_value=
ac_cv_env_CXX_set=
ac_cv_env_CXX_value=
ac_cv_env_LDFLAGS_set=
ac_cv_env_LDFLAGS_value=
ac_cv_env_LIBS_set=
ac_cv_env_LIBS_value=
ac_cv_env_build_alias_set=
ac_cv_env_build_alias_value=
ac_cv_env_host_alias_set=
ac_cv_env_host_alias_value=
ac_cv_env_target_alias_set=
ac_cv_env_target_alias_value=
ac_cv_lib_spdlog__lsdplog=no
ac_cv_objext=o
ac_cv_path_install='/bin/install -c'
ac_cv_path_mkdir=/bin/mkdir
ac_cv_prog_AWK=gawk
ac_cv_prog_ac_ct_AR=ar
ac_cv_prog_ac_ct_CC=gcc
ac_cv_prog_ac_ct_CXX=g++
ac_cv_prog_ac_ct_RANLIB=ranlib
ac_cv_prog_cc_c11=
ac_cv_prog_cc_g=yes
ac_cv_prog_cc_stdc=
ac_cv_prog_cxx_11=no
ac_cv_prog_cxx_cxx11=
ac_cv_prog_cxx_g=yes
ac_cv_prog_cxx_stdcxx=
ac_cv_prog_make_make_set=yes
am_cv_CC_dependencies_compiler_type=gcc3
am_cv_CXX_dependencies_compiler_type=gcc3
am_cv_ar_interface=ar
am_cv_make_support_nested_variables=yes
am_cv_prog_cc_c_o=yes

## ----------------- ##
## Output variables. ##
## ----------------- ##

ACLOCAL='${SHELL} '\''/home/roley/Project/Dualarms/missing'\'' aclocal-1.16'
AMDEPBACKSLASH='\'
AMDEP_FALSE='#'
AMDEP_TRUE=''
AMTAR='$${TAR-tar}'
AM_BACKSLASH='\'
AM_DEFAULT_V='$(AM_DEFAULT_VERBOSITY)'
AM_DEFAULT_VERBOSITY='1'
AM_V='$(V)'
AR='ar'
AUTOCONF='${SHELL} '\''/home/roley/Project/Dualarms/missing'\'' autoconf'
AUTOHEADER='${SHELL} '\''/home/roley/Project/Dualarms/missing'\'' autoheader'
AUTOMAKE='${SHELL} '\''/home/roley/Project/Dualarms/missing'\'' automake-1.16'
AWK='gawk'
CC='gcc'
CCDEPMODE='depmode=gcc3'
CFLAGS=''
CPPFLAGS=''
CSCOPE='cscope'
CTAGS='ctags'
CXX='g++'
CXXDEPMODE='depmode=gcc3'
CXXFLAGS='-g -O2'
CYGPATH_W='echo'
DEFS='-DPACKAGE_NAME=\"Dualarms\" -DPACKAGE_TARNAME=\"dualarms\" -DPACKAGE_VERSION=\"0.1\" -DPACKAGE_STRING=\"Dualarms\ 0.1\" -DPACKAGE_BUGREPORT=\"roley.z@richtechsystem.com\" -DPACKAGE_URL=\"\" -DPACKAGE=\"dualarms\" -DVERSION=\"0.1\"'
DEPDIR='.deps'
ECHO_C=''
ECHO_N='-n'
ECHO_T=''
ETAGS='etags'
EXEEXT=''
INSTALL_DATA='${INSTALL} -m 644'
INSTALL_PROGRAM='${INSTALL}'
INSTALL_SCRIPT='${INSTALL}'
INSTALL_STRIP_PROGRAM='$(install_sh) -c -s'
LDFLAGS=''
LIBOBJS=''
LIBS=''
LTLIBOBJS=''
MAKEINFO='${SHELL} '\''/home/roley/Project/Dualarms/missing'\'' makeinfo'
MKDIR_P='/bin/mkdir -p'
OBJEXT='o'
PACKAGE='dualarms'
PACKAGE_BUGREPORT='roley.z@richtechsystem.com'
PACKAGE_NAME='Dualarms'
PACKAGE_STRING='Dualarms 0.1'
PACKAGE_TARNAME='dualarms'
PACKAGE_URL=''
PACKAGE_VERSION='0.1'
PATH_SEPARATOR=':'
RANLIB='ranlib'
SET_MAKE=''
SHELL='/bin/sh'
STRIP=''
VERSION='0.1'
ac_ct_AR='ar'
ac_ct_CC='gcc'
ac_ct_CXX='g++'
am__EXEEXT_FALSE=''
am__EXEEXT_TRUE='#'
am__fastdepCC_FALSE='#'
am__fastdepCC_TRUE=''
am__fastdepCXX_FALSE='#'
am__fastdepCXX_TRUE=''
am__include='include'
am__isrc=''
am__leading_dot='.'
am__nodep='_no'
am__quote=''
am__tar='$${TAR-tar} chof - "$$tardir"'
am__untar='$${TAR-tar} xf -'
bindir='${exec_prefix}/bin'
build_alias=''
datadir='${datarootdir}'
datarootdir='${prefix}/share'
docdir='${datarootdir}/doc/${PACKAGE_TARNAME}'
dvidir='${docdir}'
exec_prefix='${prefix}'
host_alias=''
htmldir='${docdir}'
includedir='${prefix}/include'
infodir='${datarootdir}/info'
install_sh='${SHELL} /home/roley/Project/Dualarms/install-sh'
libdir='${exec_prefix}/lib'
libexecdir='${exec_prefix}/libexec'
localedir='${datarootdir}/locale'
localstatedir='${prefix}/var'
mandir='${datarootdir}/man'
mkdir_p='$(MKDIR_P)'
oldincludedir='/usr/include'
pdfdir='${docdir}'
prefix='/usr/local'
program_transform_name='s,x,x,'
psdir='${docdir}'
runstatedir='${localstatedir}/run'
sbindir='${exec_prefix}/sbin'
sharedstatedir='${prefix}/com'
sysconfdir='${prefix}/etc'
target_alias=''

## ----------- ##
## confdefs.h. ##
## ----------- ##

/* confdefs.h */
#define PACKAGE_NAME "Dualarms"
#define PACKAGE_TARNAME "dualarms"
#define PACKAGE_VERSION "0.1"
#define PACKAGE_STRING "Dualarms 0.1"
#define PACKAGE_BUGREPORT "roley.z@richtechsystem.com"
#define PACKAGE_URL ""
#define PACKAGE "dualarms"
#define VERSION "0.1"

configure: exit 0
