Performing C SOURCE FILE Test CMAKE_HAVE_LIBC_PTHREAD failed with the following output:
Change Dir: /home/roley/Project/Dualarms/src/web_api/build/CMakeFiles/CMakeTmp

Run Build Command(s):/bin/make -f Makefile cmTC_25e0b/fast && /bin/make  -f CMakeFiles/cmTC_25e0b.dir/build.make CMakeFiles/cmTC_25e0b.dir/build
make[1]: 进入目录“/home/roley/Project/Dualarms/src/web_api/build/CMakeFiles/CMakeTmp”
Building C object CMakeFiles/cmTC_25e0b.dir/src.c.o
/bin/cc -DCMAKE_HAVE_LIBC_PTHREAD   -o CMakeFiles/cmTC_25e0b.dir/src.c.o -c /home/roley/Project/Dualarms/src/web_api/build/CMakeFiles/CMakeTmp/src.c
Linking C executable cmTC_25e0b
/usr/bin/cmake -E cmake_link_script CMakeFiles/cmTC_25e0b.dir/link.txt --verbose=1
/bin/cc -rdynamic CMakeFiles/cmTC_25e0b.dir/src.c.o -o cmTC_25e0b 
/bin/ld: CMakeFiles/cmTC_25e0b.dir/src.c.o: in function `main':
src.c:(.text+0x3e): undefined reference to `pthread_create'
/bin/ld: src.c:(.text+0x4a): undefined reference to `pthread_detach'
/bin/ld: src.c:(.text+0x56): undefined reference to `pthread_cancel'
/bin/ld: src.c:(.text+0x67): undefined reference to `pthread_join'
collect2: 错误：ld 返回 1
make[1]: *** [CMakeFiles/cmTC_25e0b.dir/build.make:99：cmTC_25e0b] 错误 1
make[1]: 离开目录“/home/roley/Project/Dualarms/src/web_api/build/CMakeFiles/CMakeTmp”
make: *** [Makefile:127：cmTC_25e0b/fast] 错误 2


Source file was:
#include <pthread.h>

static void* test_func(void* data)
{
  return data;
}

int main(void)
{
  pthread_t thread;
  pthread_create(&thread, NULL, test_func, NULL);
  pthread_detach(thread);
  pthread_cancel(thread);
  pthread_join(thread, NULL);
  pthread_atfork(NULL, NULL, NULL);
  pthread_exit(NULL);

  return 0;
}

Determining if the function pthread_create exists in the pthreads failed with the following output:
Change Dir: /home/roley/Project/Dualarms/src/web_api/build/CMakeFiles/CMakeTmp

Run Build Command(s):/bin/make -f Makefile cmTC_e481d/fast && /bin/make  -f CMakeFiles/cmTC_e481d.dir/build.make CMakeFiles/cmTC_e481d.dir/build
make[1]: 进入目录“/home/roley/Project/Dualarms/src/web_api/build/CMakeFiles/CMakeTmp”
Building C object CMakeFiles/cmTC_e481d.dir/CheckFunctionExists.c.o
/bin/cc   -DCHECK_FUNCTION_EXISTS=pthread_create -o CMakeFiles/cmTC_e481d.dir/CheckFunctionExists.c.o -c /usr/share/cmake-3.21/Modules/CheckFunctionExists.c
Linking C executable cmTC_e481d
/usr/bin/cmake -E cmake_link_script CMakeFiles/cmTC_e481d.dir/link.txt --verbose=1
/bin/cc  -DCHECK_FUNCTION_EXISTS=pthread_create -rdynamic CMakeFiles/cmTC_e481d.dir/CheckFunctionExists.c.o -o cmTC_e481d  -lpthreads 
/bin/ld: 找不到 -lpthreads
collect2: 错误：ld 返回 1
make[1]: *** [CMakeFiles/cmTC_e481d.dir/build.make:99：cmTC_e481d] 错误 1
make[1]: 离开目录“/home/roley/Project/Dualarms/src/web_api/build/CMakeFiles/CMakeTmp”
make: *** [Makefile:127：cmTC_e481d/fast] 错误 2



